
Showing logs for build [32mmarcusmaday-jx-spring-az-master-1[0m stage [32mfrom-build-pack[0m and container [32mstep-credential-initializer-dh6gr[0m
{"level":"warn","ts":1573685106.519208,"logger":"fallback-logger","caller":"logging/config.go:69","msg":"Fetch GitHub commit ID from kodata failed: \"ref: refs/heads/master\" is not a valid GitHub commit ID"}
{"level":"info","ts":1573685106.5204427,"logger":"fallback-logger","caller":"creds-init/main.go:40","msg":"Credentials initialized."}

Showing logs for build [32mmarcusmaday-jx-spring-az-master-1[0m stage [32mfrom-build-pack[0m and container [32mstep-working-dir-initializer-hcdn4[0m
{"level":"warn","ts":1573685109.7467916,"logger":"fallback-logger","caller":"logging/config.go:69","msg":"Fetch GitHub commit ID from kodata failed: open /var/run/ko/HEAD: no such file or directory"}
{"level":"info","ts":1573685109.7497137,"logger":"fallback-logger","caller":"bash/main.go:65","msg":"Successfully executed command \"mkdir -p /workspace/source\""}

Showing logs for build [32mmarcusmaday-jx-spring-az-master-1[0m stage [32mfrom-build-pack[0m and container [32mstep-place-tools[0m

Showing logs for build [32mmarcusmaday-jx-spring-az-master-1[0m stage [32mfrom-build-pack[0m and container [32mstep-git-source-marcusmaday-jx-spring-az-master-pxgwv[0m
{"level":"warn","ts":1573685143.5033245,"logger":"fallback-logger","caller":"logging/config.go:69","msg":"Fetch GitHub commit ID from kodata failed: \"ref: refs/heads/master\" is not a valid GitHub commit ID"}
{"level":"info","ts":1573685144.928622,"logger":"fallback-logger","caller":"git/git.go:102","msg":"Successfully cloned https://github.com/***********/**-spring-az.git @ v0.0.1 in path /workspace/source"}

Showing logs for build [32mmarcusmaday-jx-spring-az-master-1[0m stage [32mfrom-build-pack[0m and container [32mstep-git-merge[0m
Using SHAs from PULL_REFS=master:29778a4996c4e3abdccb922d05d99bd75a93df40
WARNING: no SHAs to merge, falling back to initial cloned commit

Showing logs for build [32mmarcusmaday-jx-spring-az-master-1[0m stage [32mfrom-build-pack[0m and container [32mstep-setup-jx-git-credentials[0m
Generated Git credentials file /workspace/xdg_config/git/credentials

Showing logs for build [32mmarcusmaday-jx-spring-az-master-1[0m stage [32mfrom-build-pack[0m and container [32mstep-build-mvn-deploy[0m
Picked up _JAVA_OPTIONS: -XX:+UnlockExperimentalVMOptions -XX:+UseCGroupMemoryLimitForHeap -Dsun.zip.disableMemoryMapping=true -XX:+UseParallelGC -XX:MinHeapFreeRatio=5 -XX:MaxHeapFreeRatio=10 -XX:GCTimeRatio=4 -XX:AdaptiveSizePolicyWeight=90 -Xms10m -Xmx192m
OpenJDK 64-Bit Server VM warning: If the number of processors is expected to increase from one, then you should configure the number of parallel GC threads appropriately using -XX:ParallelGCThreads=N
[INFO] Scanning for projects...
[INFO] 
[INFO] -------------------< com.optum.example:**-spring-az >-------------------
[INFO] Building demo 0.0.1
[INFO] --------------------------------[ jar ]---------------------------------
[INFO] 
[INFO] --- maven-clean-plugin:3.1.0:clean (default-clean) @ **-spring-az ---
[INFO] 
[INFO] --- maven-resources-plugin:3.1.0:resources (default-resources) @ **-spring-az ---
[INFO] Using 'UTF-8' encoding to copy filtered resources.
[INFO] Copying 1 resource
[INFO] Copying 0 resource
[INFO] 
[INFO] --- maven-compiler-plugin:3.8.1:compile (default-compile) @ **-spring-az ---
[INFO] Nothing to compile - all classes are up to date
[INFO] 
[INFO] --- kotlin-maven-plugin:1.3.50:compile (compile) @ **-spring-az ---
[INFO] Applied plugin: 'spring'
[INFO] 
[INFO] --- maven-resources-plugin:3.1.0:testResources (default-testResources) @ **-spring-az ---
[INFO] Using 'UTF-8' encoding to copy filtered resources.
[INFO] skip non existing resourceDirectory /workspace/source/src/test/resources
[INFO] 
[INFO] --- maven-compiler-plugin:3.8.1:testCompile (default-testCompile) @ **-spring-az ---
[INFO] Changes detected - recompiling the module!
[INFO] 
[INFO] --- kotlin-maven-plugin:1.3.50:test-compile (test-compile) @ **-spring-az ---
[INFO] Applied plugin: 'spring'
[INFO] 
[INFO] --- maven-surefire-plugin:3.0.0-M1:test (default-test) @ **-spring-az ---
[INFO] 
[INFO] -------------------------------------------------------
[INFO]  T E S T S
[INFO] -------------------------------------------------------
[INFO] Running com.optum.example.**springaz.DemoApplicationTests
22:46:57.240 [main] DEBUG org.springframework.test.context.BootstrapUtils - Instantiating CacheAwareContextLoaderDelegate from class [org.springframework.test.context.cache.DefaultCacheAwareContextLoaderDelegate]
22:46:57.276 [main] DEBUG org.springframework.test.context.BootstrapUtils - Instantiating BootstrapContext using constructor [public org.springframework.test.context.support.DefaultBootstrapContext(java.lang.Class,org.springframework.test.context.CacheAwareContextLoaderDelegate)]
22:46:57.428 [main] DEBUG org.springframework.test.context.BootstrapUtils - Instantiating TestContextBootstrapper for test class [com.optum.example.**springaz.DemoApplicationTests] from class [org.springframework.boot.test.context.SpringBootTestContextBootstrapper]
22:46:57.469 [main] INFO org.springframework.boot.test.context.SpringBootTestContextBootstrapper - Neither @ContextConfiguration nor @ContextHierarchy found for test class [com.optum.example.**springaz.DemoApplicationTests], using SpringBootContextLoader
22:46:57.479 [main] DEBUG org.springframework.test.context.support.AbstractContextLoader - Did not detect default resource location for test class [com.optum.example.**springaz.DemoApplicationTests]: class path resource [com/optum/example/**springaz/DemoApplicationTests-context.xml] does not exist
22:46:57.479 [main] DEBUG org.springframework.test.context.support.AbstractContextLoader - Did not detect default resource location for test class [com.optum.example.**springaz.DemoApplicationTests]: class path resource [com/optum/example/**springaz/DemoApplicationTestsContext.groovy] does not exist
22:46:57.480 [main] INFO org.springframework.test.context.support.AbstractContextLoader - Could not detect default resource locations for test class [com.optum.example.**springaz.DemoApplicationTests]: no resource found for suffixes {-context.xml, Context.groovy}.
22:46:57.480 [main] INFO org.springframework.test.context.support.AnnotationConfigContextLoaderUtils - Could not detect default configuration classes for test class [com.optum.example.**springaz.DemoApplicationTests]: DemoApplicationTests does not declare any static, non-private, non-final, nested classes annotated with @Configuration.
22:46:57.632 [main] DEBUG org.springframework.test.context.support.ActiveProfilesUtils - Could not find an 'annotation declaring class' for annotation type [org.springframework.test.context.ActiveProfiles] and class [com.optum.example.**springaz.DemoApplicationTests]
22:46:57.831 [main] DEBUG org.springframework.context.annotation.ClassPathScanningCandidateComponentProvider - Identified candidate component class: file [/workspace/source/target/classes/com/optum/example/**springaz/DemoApplication.class]
22:46:57.840 [main] INFO org.springframework.boot.test.context.SpringBootTestContextBootstrapper - Found @SpringBootConfiguration com.optum.example.**springaz.DemoApplication for test class com.optum.example.**springaz.DemoApplicationTests
22:46:58.082 [main] DEBUG org.springframework.boot.test.context.SpringBootTestContextBootstrapper - @TestExecutionListeners is not present for class [com.optum.example.**springaz.DemoApplicationTests]: using defaults.
22:46:58.120 [main] INFO org.springframework.boot.test.context.SpringBootTestContextBootstrapper - Loaded default TestExecutionListener class names from location [META-INF/spring.factories]: [org.springframework.boot.test.mock.mockito.MockitoTestExecutionListener, org.springframework.boot.test.mock.mockito.ResetMocksTestExecutionListener, org.springframework.boot.test.autoconfigure.restdocs.RestDocsTestExecutionListener, org.springframework.boot.test.autoconfigure.web.client.MockRestServiceServerResetTestExecutionListener, org.springframework.boot.test.autoconfigure.web.servlet.MockMvcPrintOnlyOnFailureTestExecutionListener, org.springframework.boot.test.autoconfigure.web.servlet.WebDriverTestExecutionListener, org.springframework.test.context.web.ServletTestExecutionListener, org.springframework.test.context.support.DirtiesContextBeforeModesTestExecutionListener, org.springframework.test.context.support.DependencyInjectionTestExecutionListener, org.springframework.test.context.support.DirtiesContextTestExecutionListener, org.springframework.test.context.transaction.TransactionalTestExecutionListener, org.springframework.test.context.jdbc.SqlScriptsTestExecutionListener, org.springframework.test.context.event.EventPublishingTestExecutionListener]
22:46:58.158 [main] DEBUG org.springframework.boot.test.context.SpringBootTestContextBootstrapper - Skipping candidate TestExecutionListener [org.springframework.test.context.transaction.TransactionalTestExecutionListener] due to a missing dependency. Specify custom listener classes or make the default listener classes and their required dependencies available. Offending class: [org/springframework/transaction/TransactionDefinition]
22:46:58.160 [main] DEBUG org.springframework.boot.test.context.SpringBootTestContextBootstrapper - Skipping candidate TestExecutionListener [org.springframework.test.context.jdbc.SqlScriptsTestExecutionListener] due to a missing dependency. Specify custom listener classes or make the default listener classes and their required dependencies available. Offending class: [org/springframework/transaction/interceptor/TransactionAttribute]
22:46:58.163 [main] INFO org.springframework.boot.test.context.SpringBootTestContextBootstrapper - Using TestExecutionListeners: [org.springframework.test.context.web.ServletTestExecutionListener@5acf93bb, org.springframework.test.context.support.DirtiesContextBeforeModesTestExecutionListener@7e7be63f, org.springframework.boot.test.mock.mockito.MockitoTestExecutionListener@6cd28fa7, org.springframework.boot.test.autoconfigure.SpringBootDependencyInjectionTestExecutionListener@614ca7df, org.springframework.test.context.support.DirtiesContextTestExecutionListener@4738a206, org.springframework.test.context.event.EventPublishingTestExecutionListener@66d3eec0, org.springframework.boot.test.mock.mockito.ResetMocksTestExecutionListener@1e04fa0a, org.springframework.boot.test.autoconfigure.restdocs.RestDocsTestExecutionListener@1af2d44a, org.springframework.boot.test.autoconfigure.web.client.MockRestServiceServerResetTestExecutionListener@18d87d80, org.springframework.boot.test.autoconfigure.web.servlet.MockMvcPrintOnlyOnFailureTestExecutionListener@618425b5, org.springframework.boot.test.autoconfigure.web.servlet.WebDriverTestExecutionListener@58695725]
22:46:58.227 [main] DEBUG org.springframework.test.context.support.AbstractDirtiesContextTestExecutionListener - Before test class: context [DefaultTestContext@bae7dc0 testClass = DemoApplicationTests, testInstance = [null], testMethod = [null], testException = [null], mergedContextConfiguration = [WebMergedContextConfiguration@209da20d testClass = DemoApplicationTests, locations = '{}', classes = '{class com.optum.example.**springaz.DemoApplication}', contextInitializerClasses = '[]', activeProfiles = '{}', propertySourceLocations = '{}', propertySourceProperties = '{org.springframework.boot.test.context.SpringBootTestContextBootstrapper=true}', contextCustomizers = set[org.springframework.boot.test.context.filter.ExcludeFilterContextCustomizer@5cee5251, org.springframework.boot.test.json.DuplicateJsonObjectContextCustomizerFactory$DuplicateJsonObjectContextCustomizer@4b14c583, org.springframework.boot.test.mock.mockito.MockitoContextCustomizer@0, org.springframework.boot.test.web.client.TestRestTemplateContextCustomizer@69b2283a, org.springframework.boot.test.autoconfigure.properties.PropertyMappingContextCustomizer@0, org.springframework.boot.test.autoconfigure.web.servlet.WebDriverContextCustomizerFactory$Customizer@5bd03f44], resourceBasePath = 'src/main/webapp', contextLoader = 'org.springframework.boot.test.context.SpringBootContextLoader', parent = [null]], attributes = map['org.springframework.test.context.web.ServletTestExecutionListener.activateListener' -> true]], class annotated with @DirtiesContext [false] with mode [null].
22:46:58.326 [main] DEBUG org.springframework.test.context.support.TestPropertySourceUtils - Adding inlined properties to environment: {spring.jmx.enabled=false, org.springframework.boot.test.context.SpringBootTestContextBootstrapper=true, server.port=-1}

  .   ____          _            __ _ _
 /\\ / ___'_ __ _ _(_)_ __  __ _ \ \ \ \
( ( )\___ | '_ | '_| | '_ \/ _` | \ \ \ \
 \\/  ___)| |_)| | | | | || (_| |  ) ) ) )
  '  |____| .__|_| |_|_| |_\__, | / / / /
 =========|_|==============|___/=/_/_/_/
 :: Spring Boot ::        (v2.2.1.RELEASE)

2019-11-13 22:46:58.943  INFO 77 --- [           main] c.o.e.**springaz.DemoApplicationTests    : Starting DemoApplicationTests on ***********-**-spring-az-master-1-from-build-pack-ksrj6-pod-97c with PID 77 (started by root in /workspace/source)
2019-11-13 22:46:58.950  INFO 77 --- [           main] c.o.e.**springaz.DemoApplicationTests    : No active profile set, falling back to default profiles: default
2019-11-13 22:47:08.221  INFO 77 --- [           main] o.s.s.concurrent.ThreadPoolTaskExecutor  : Initializing ExecutorService 'applicationTaskExecutor'
2019-11-13 22:47:10.245  INFO 77 --- [           main] o.s.b.a.e.web.EndpointLinksResolver      : Exposing 2 endpoint(s) beneath base path '/actuator'
2019-11-13 22:47:10.465  INFO 77 --- [           main] c.o.e.**springaz.DemoApplicationTests    : Started DemoApplicationTests in 12.119 seconds (JVM running for 15.126)
[INFO] Tests run: 1, Failures: 0, Errors: 0, Skipped: 0, Time elapsed: 14.813 s - in com.optum.example.**springaz.DemoApplicationTests
2019-11-13 22:47:11.965  INFO 77 --- [extShutdownHook] o.s.s.concurrent.ThreadPoolTaskExecutor  : Shutting down ExecutorService 'applicationTaskExecutor'
[INFO] 
[INFO] Results:
[INFO] 
[INFO] Tests run: 1, Failures: 0, Errors: 0, Skipped: 0
[INFO] 
[INFO] 
[INFO] --- maven-jar-plugin:3.1.2:jar (default-jar) @ **-spring-az ---
[INFO] Building jar: /workspace/source/target/**-spring-az-0.0.1.jar
[INFO] 
[INFO] --- spring-boot-maven-plugin:2.2.1.RELEASE:repackage (repackage) @ **-spring-az ---
[INFO] Replacing main artifact with repackaged archive
[INFO] 
[INFO] --- maven-install-plugin:2.5.2:install (default-install) @ **-spring-az ---
[INFO] Installing /workspace/source/target/**-spring-az-0.0.1.jar to /root/.mvnrepository/com/optum/example/**-spring-az/0.0.1/**-spring-az-0.0.1.jar
[INFO] Installing /workspace/source/pom.xml to /root/.mvnrepository/com/optum/example/**-spring-az/0.0.1/**-spring-az-0.0.1.pom
[INFO] 
[INFO] --- maven-deploy-plugin:2.8.2:deploy (default-deploy) @ **-spring-az ---
[INFO] Using alternate deployment repository nexus::default::http://nexus/repository/maven-releases/
[INFO] ------------------------------------------------------------------------
[INFO] BUILD SUCCESS
[INFO] ------------------------------------------------------------------------
[INFO] Total time:  01:37 min
[INFO] Finished at: 2019-11-13T22:47:27Z
[INFO] ------------------------------------------------------------------------

Showing logs for build [32mmarcusmaday-jx-spring-az-master-1[0m stage [32mfrom-build-pack[0m and container [32mstep-build-skaffold-version[0m
v1.0.0

Showing logs for build [32mmarcusmaday-jx-spring-az-master-1[0m stage [32mfrom-build-pack[0m and container [32mstep-build-container-build[0m
[36mINFO[0m[0000] Downloading base image openjdk:8-jdk-slim    
2019/11/13 22:47:28 No matching credentials were found, falling back on anonymous
[36mINFO[0m[0000] Error while retrieving image from cache: getting file info: stat /workspace/sha256:2f75fd4d652d8a4730b0e4ebbc9609e019283536e63aab95d30fb7c7f8d444fb: no such file or directory 
[36mINFO[0m[0000] Downloading base image openjdk:8-jdk-slim    
2019/11/13 22:47:29 No matching credentials were found, falling back on anonymous
[36mINFO[0m[0001] cmd: EXPOSE                                  
[36mINFO[0m[0001] Adding exposed port: 8080/tcp                
[36mINFO[0m[0001] Using files from context: [/workspace/source/pom.xml] 
[36mINFO[0m[0001] Using files from context: [/workspace/source/target/**-spring-az-0.0.1.jar] 
[36mINFO[0m[0001] Skipping unpacking as no commands require it. 
[36mINFO[0m[0001] Taking snapshot of full filesystem...        
[36mINFO[0m[0001] ENV PORT 8080                                
[36mINFO[0m[0001] No files changed in this command, skipping snapshotting. 
[36mINFO[0m[0001] ENV CLASSPATH /opt/lib                       
[36mINFO[0m[0001] No files changed in this command, skipping snapshotting. 
[36mINFO[0m[0001] EXPOSE 8080                                  
[36mINFO[0m[0001] cmd: EXPOSE                                  
[36mINFO[0m[0001] Adding exposed port: 8080/tcp                
[36mINFO[0m[0001] No files changed in this command, skipping snapshotting. 
[36mINFO[0m[0001] Using files from context: [/workspace/source/pom.xml] 
[36mINFO[0m[0001] COPY pom.xml target/lib* /opt/lib/           
[36mINFO[0m[0001] Taking snapshot of files...                  
[36mINFO[0m[0001] Using files from context: [/workspace/source/target/**-spring-az-0.0.1.jar] 
[36mINFO[0m[0001] COPY target/*.jar /opt/app.jar               
[36mINFO[0m[0001] Taking snapshot of files...                  
[36mINFO[0m[0001] WORKDIR /opt                                 
[36mINFO[0m[0001] cmd: workdir                                 
[36mINFO[0m[0001] Changed working directory to /opt            
[36mINFO[0m[0001] No files changed in this command, skipping snapshotting. 
[36mINFO[0m[0001] CMD ["java", "-XX:+UnlockExperimentalVMOptions", "-XX:+UseCGroupMemoryLimitForHeap", "-jar", "app.jar"] 
[36mINFO[0m[0001] No files changed in this command, skipping snapshotting. 
2019/11/13 22:47:31 pushed blob: sha256:b423d183765715ad00e12683c2d160f26a048e8eb7ad6510bbb9d09bcaf87e68
2019/11/13 22:47:31 pushed blob: sha256:6765a81fbdfebd33e50b06666f6328947ff8ab91bb14685f9067cf2ffb53e80b
2019/11/13 22:47:31 pushed blob: sha256:3da6fe7ff2ef0f58119eb2e8cb12c5c0b471527be95d43274b396f36fc5bbccd
2019/11/13 22:47:31 pushed blob: sha256:02c32ad92c0d8181bc1743181730c576205286effbb08239f8f613acda6d4889
2019/11/13 22:47:32 pushed blob: sha256:fc0cac47c7b48e0b97cb201cacc2603d7cdb322a7d4be0fac721d0c48893fcfb
2019/11/13 22:47:32 pushed blob: sha256:8d691f585fa8cec0eba196be460cfaffd69939782d6162986c3e0c5225d54f02
2019/11/13 22:47:35 pushed blob: sha256:740864fcc29dcd68c386fc2893b1fe5bf974e361523cb7cd32dd706fcfa93d82
2019/11/13 22:47:35 thornbramble.azurecr.io/***********/**-spring-az:0.0.1: digest: sha256:f74ab74332cc00f9b0baf8981c8b7aa9c3fa40787c553e954a15cbf6e9baa7bc size: 1245

Showing logs for build [32mmarcusmaday-jx-spring-az-master-1[0m stage [32mfrom-build-pack[0m and container [32mstep-build-post-build[0m
no CVE provider running in the current ** namespace so skip adding image to be analysed

Showing logs for build [32mmarcusmaday-jx-spring-az-master-1[0m stage [32mfrom-build-pack[0m and container [32mstep-promote-changelog[0m
Converted /workspace/source/charts/**-spring-az to an unshallow repository
Generating change log from git ref 5197f3ba7cb8044da0f717c061f0e4c8dedbb1c4 => 74ed0e4d524d36a58dd936cdf90185d9dd39c18a
Associating user x-0 in users.jenkins.io with email marcus@optum.com to git GitProvider user with login -0 as emails match
Adding label jenkins.io/git-github-userid=-0 to user x-0 in users.jenkins.io
WARNING: Failed to enrich commit 29778a4996c4e3abdccb922d05d99bd75a93df40 with issues: User.jenkins.io "x-0" is invalid: metadata.labels: Invalid value: "-0": a valid label must be an empty string or consist of alphanumeric characters, '-', '_' or '.', and must start and end with an alphanumeric character (e.g. 'MyValue',  or 'my_value',  or '12345', regex used for validation is '(([A-Za-z0-9][-A-Za-z0-9_.]*)?[A-Za-z0-9])?')
Finding issues in commit messages using git format
Associating user x-0 in users.jenkins.io with email marcus@optum.com to git GitProvider user with login -0 as emails match
Adding label jenkins.io/git-github-userid=-0 to user x-0 in users.jenkins.io
WARNING: Failed to enrich commit 57495bb91ce7a339c7570da7bf015f23d40909a3 with issues: User.jenkins.io "x-0" is invalid: metadata.labels: Invalid value: "-0": a valid label must be an empty string or consist of alphanumeric characters, '-', '_' or '.', and must start and end with an alphanumeric character (e.g. 'MyValue',  or 'my_value',  or '12345', regex used for validation is '(([A-Za-z0-9][-A-Za-z0-9_.]*)?[A-Za-z0-9])?')
Associating user x-0 in users.jenkins.io with email marcus@optum.com to git GitProvider user with login -0 as emails match
Adding label jenkins.io/git-github-userid=-0 to user x-0 in users.jenkins.io
WARNING: Failed to enrich commit 57495bb91ce7a339c7570da7bf015f23d40909a3 with issues: User.jenkins.io "x-0" is invalid: metadata.labels: Invalid value: "-0": a valid label must be an empty string or consist of alphanumeric characters, '-', '_' or '.', and must start and end with an alphanumeric character (e.g. 'MyValue',  or 'my_value',  or '12345', regex used for validation is '(([A-Za-z0-9][-A-Za-z0-9_.]*)?[A-Za-z0-9])?')
WARNING: No release found for ***********/**-spring-az and tag v0.0.1 so creating a new release
Updated the release information at https://github.com/***********/**-spring-az/releases/tag/v0.0.1
generated: /workspace/source/charts/**-spring-az/templates/release.yaml
Created Release **-spring-az-0-0-1 resource in namespace **
Updating PipelineActivity ***********-**-spring-az-master-1 with version 0.0.1
Updated PipelineActivities ***********-**-spring-az-master-1 with release notes URL: https://github.com/***********/**-spring-az/releases/tag/v0.0.1

Showing logs for build [32mmarcusmaday-jx-spring-az-master-1[0m stage [32mfrom-build-pack[0m and container [32mstep-promote-helm-release[0m
WARNING: No $CHART_REPOSITORY defined so using the default value of: http://jenkins-x-chartmuseum:8080
Adding missing Helm repo: storage.googleapis.com https://storage.googleapis.com/chartmuseum.jenkins-x.io
Successfully added Helm repository storage.googleapis.com.
Adding missing Helm repo: jenkins-x-chartmuseum http://jenkins-x-chartmuseum:8080
Successfully added Helm repository jenkins-x-chartmuseum.
WARNING: No $CHART_REPOSITORY defined so using the default value of: http://jenkins-x-chartmuseum:8080
Uploading chart file **-spring-az-0.0.1.tgz to http://jenkins-x-chartmuseum:8080/api/charts
Received 201 response: {"saved":true}

Showing logs for build [32mmarcusmaday-jx-spring-az-master-1[0m stage [32mfrom-build-pack[0m and container [32mstep-promote-jx-promote[0m
WARNING: prow based install so skip waiting for the merge of Pull Requests to go green as currently there is an issue with gettingstatuses from the PR, see https://github.com/jenkins-x/**/issues/2410
WARNING: No $CHART_REPOSITORY defined so using the default value of: http://jenkins-x-chartmuseum:8080
Promoting app **-spring-az version 0.0.1 to namespace **-staging
Created Pull Request: https://github.com/***********/environment-oxiridescent-staging/pull/1
Added label updatebot to Pull Request https://github.com/***********/environment-oxiridescent-staging/pull/1
got git provider status pending from PR https://github.com/***********/environment-oxiridescent-staging/pull/1
got git provider status pending from PR https://github.com/***********/environment-oxiridescent-staging/pull/1
got git provider status pending from PR https://github.com/***********/environment-oxiridescent-staging/pull/1
got git provider status pending from PR https://github.com/***********/environment-oxiridescent-staging/pull/1
got git provider status pending from PR https://github.com/***********/environment-oxiridescent-staging/pull/1
got git provider status pending from PR https://github.com/***********/environment-oxiridescent-staging/pull/1
got git provider status pending from PR https://github.com/***********/environment-oxiridescent-staging/pull/1
Pull Request https://github.com/***********/environment-oxiridescent-staging/pull/1 is merged at sha bb82d4a8a3b5217cc54a101c12c640e5deff3941
Pull Request merged but we are not waiting for the update pipeline to complete!
WARNING: Could not find the service URL in namespace **-staging for names **-spring-az, **-**-spring-az, **-staging-**-spring-az
