
Showing logs for build [32mmarcusmaday-jx-spring-az-master-59kh7-2[0m stage [32mfrom-build-pack[0m and container [32mstep-credential-initializer-lhr9c[0m
{"level":"warn","ts":1573743432.1314418,"logger":"fallback-logger","caller":"logging/config.go:69","msg":"Fetch GitHub commit ID from kodata failed: \"ref: refs/heads/master\" is not a valid GitHub commit ID"}
{"level":"info","ts":1573743432.1319394,"logger":"fallback-logger","caller":"creds-init/main.go:40","msg":"Credentials initialized."}

Showing logs for build [32mmarcusmaday-jx-spring-az-master-59kh7-2[0m stage [32mfrom-build-pack[0m and container [32mstep-working-dir-initializer-9nj4r[0m
{"level":"warn","ts":1573743433.016551,"logger":"fallback-logger","caller":"logging/config.go:69","msg":"Fetch GitHub commit ID from kodata failed: open /var/run/ko/HEAD: no such file or directory"}
{"level":"info","ts":1573743433.0212882,"logger":"fallback-logger","caller":"bash/main.go:65","msg":"Successfully executed command \"mkdir -p /workspace/source\""}

Showing logs for build [32mmarcusmaday-jx-spring-az-master-59kh7-2[0m stage [32mfrom-build-pack[0m and container [32mstep-place-tools[0m

Showing logs for build [32mmarcusmaday-jx-spring-az-master-59kh7-2[0m stage [32mfrom-build-pack[0m and container [32mstep-git-source-marcusmaday-jx-spring-az-master-fw45v[0m
{"level":"warn","ts":1573743442.084863,"logger":"fallback-logger","caller":"logging/config.go:69","msg":"Fetch GitHub commit ID from kodata failed: \"ref: refs/heads/master\" is not a valid GitHub commit ID"}
{"level":"info","ts":1573743442.3929632,"logger":"fallback-logger","caller":"git/git.go:102","msg":"Successfully cloned https://github.com/***********/**-spring-az.git @ v0.0.2 in path /workspace/source"}

Showing logs for build [32mmarcusmaday-jx-spring-az-master-59kh7-2[0m stage [32mfrom-build-pack[0m and container [32mstep-git-merge[0m
Using SHAs from PULL_REFS=master:9cd39afc540e152b74335c0d374313e2537b772f
WARNING: no SHAs to merge, falling back to initial cloned commit

Showing logs for build [32mmarcusmaday-jx-spring-az-master-59kh7-2[0m stage [32mfrom-build-pack[0m and container [32mstep-setup-jx-git-credentials[0m
Generated Git credentials file /workspace/xdg_config/git/credentials

Showing logs for build [32mmarcusmaday-jx-spring-az-master-59kh7-2[0m stage [32mfrom-build-pack[0m and container [32mstep-build-mvn-deploy[0m
Picked up _JAVA_OPTIONS: -XX:+UnlockExperimentalVMOptions -XX:+UseCGroupMemoryLimitForHeap -Dsun.zip.disableMemoryMapping=true -XX:+UseParallelGC -XX:MinHeapFreeRatio=5 -XX:MaxHeapFreeRatio=10 -XX:GCTimeRatio=4 -XX:AdaptiveSizePolicyWeight=90 -Xms10m -Xmx192m
OpenJDK 64-Bit Server VM warning: If the number of processors is expected to increase from one, then you should configure the number of parallel GC threads appropriately using -XX:ParallelGCThreads=N
[INFO] Scanning for projects...
[INFO] 
[INFO] -------------------< com.optum.example:**-spring-az >-------------------
[INFO] Building demo 0.0.2
[INFO] --------------------------------[ jar ]---------------------------------
[INFO] 
[INFO] --- maven-clean-plugin:3.1.0:clean (default-clean) @ **-spring-az ---
[INFO] 
[INFO] --- maven-resources-plugin:3.1.0:resources (default-resources) @ **-spring-az ---
[INFO] Using 'UTF-8' encoding to copy filtered resources.
[INFO] Copying 1 resource
[INFO] Copying 0 resource
[INFO] 
[INFO] --- maven-compiler-plugin:3.8.1:compile (default-compile) @ **-spring-az ---
[INFO] Nothing to compile - all classes are up to date
[INFO] 
[INFO] --- kotlin-maven-plugin:1.3.50:compile (compile) @ **-spring-az ---
[INFO] Applied plugin: 'spring'
[INFO] 
[INFO] --- maven-resources-plugin:3.1.0:testResources (default-testResources) @ **-spring-az ---
[INFO] Using 'UTF-8' encoding to copy filtered resources.
[INFO] skip non existing resourceDirectory /workspace/source/src/test/resources
[INFO] 
[INFO] --- maven-compiler-plugin:3.8.1:testCompile (default-testCompile) @ **-spring-az ---
[INFO] Changes detected - recompiling the module!
[INFO] 
[INFO] --- kotlin-maven-plugin:1.3.50:test-compile (test-compile) @ **-spring-az ---
[INFO] Applied plugin: 'spring'
[INFO] 
[INFO] --- maven-surefire-plugin:3.0.0-M1:test (default-test) @ **-spring-az ---
[INFO] 
[INFO] -------------------------------------------------------
[INFO]  T E S T S
[INFO] -------------------------------------------------------
[INFO] Running com.optum.example.**springaz.DemoApplicationTests
14:58:00.668 [main] DEBUG org.springframework.test.context.BootstrapUtils - Instantiating CacheAwareContextLoaderDelegate from class [org.springframework.test.context.cache.DefaultCacheAwareContextLoaderDelegate]
14:58:00.749 [main] DEBUG org.springframework.test.context.BootstrapUtils - Instantiating BootstrapContext using constructor [public org.springframework.test.context.support.DefaultBootstrapContext(java.lang.Class,org.springframework.test.context.CacheAwareContextLoaderDelegate)]
14:58:00.846 [main] DEBUG org.springframework.test.context.BootstrapUtils - Instantiating TestContextBootstrapper for test class [com.optum.example.**springaz.DemoApplicationTests] from class [org.springframework.boot.test.context.SpringBootTestContextBootstrapper]
14:58:00.880 [main] INFO org.springframework.boot.test.context.SpringBootTestContextBootstrapper - Neither @ContextConfiguration nor @ContextHierarchy found for test class [com.optum.example.**springaz.DemoApplicationTests], using SpringBootContextLoader
14:58:00.927 [main] DEBUG org.springframework.test.context.support.AbstractContextLoader - Did not detect default resource location for test class [com.optum.example.**springaz.DemoApplicationTests]: class path resource [com/optum/example/**springaz/DemoApplicationTests-context.xml] does not exist
14:58:00.931 [main] DEBUG org.springframework.test.context.support.AbstractContextLoader - Did not detect default resource location for test class [com.optum.example.**springaz.DemoApplicationTests]: class path resource [com/optum/example/**springaz/DemoApplicationTestsContext.groovy] does not exist
14:58:00.934 [main] INFO org.springframework.test.context.support.AbstractContextLoader - Could not detect default resource locations for test class [com.optum.example.**springaz.DemoApplicationTests]: no resource found for suffixes {-context.xml, Context.groovy}.
14:58:00.937 [main] INFO org.springframework.test.context.support.AnnotationConfigContextLoaderUtils - Could not detect default configuration classes for test class [com.optum.example.**springaz.DemoApplicationTests]: DemoApplicationTests does not declare any static, non-private, non-final, nested classes annotated with @Configuration.
14:58:01.068 [main] DEBUG org.springframework.test.context.support.ActiveProfilesUtils - Could not find an 'annotation declaring class' for annotation type [org.springframework.test.context.ActiveProfiles] and class [com.optum.example.**springaz.DemoApplicationTests]
14:58:01.249 [main] DEBUG org.springframework.context.annotation.ClassPathScanningCandidateComponentProvider - Identified candidate component class: file [/workspace/source/target/classes/com/optum/example/**springaz/DemoApplication.class]
14:58:01.252 [main] INFO org.springframework.boot.test.context.SpringBootTestContextBootstrapper - Found @SpringBootConfiguration com.optum.example.**springaz.DemoApplication for test class com.optum.example.**springaz.DemoApplicationTests
14:58:01.541 [main] DEBUG org.springframework.boot.test.context.SpringBootTestContextBootstrapper - @TestExecutionListeners is not present for class [com.optum.example.**springaz.DemoApplicationTests]: using defaults.
14:58:01.542 [main] INFO org.springframework.boot.test.context.SpringBootTestContextBootstrapper - Loaded default TestExecutionListener class names from location [META-INF/spring.factories]: [org.springframework.boot.test.mock.mockito.MockitoTestExecutionListener, org.springframework.boot.test.mock.mockito.ResetMocksTestExecutionListener, org.springframework.boot.test.autoconfigure.restdocs.RestDocsTestExecutionListener, org.springframework.boot.test.autoconfigure.web.client.MockRestServiceServerResetTestExecutionListener, org.springframework.boot.test.autoconfigure.web.servlet.MockMvcPrintOnlyOnFailureTestExecutionListener, org.springframework.boot.test.autoconfigure.web.servlet.WebDriverTestExecutionListener, org.springframework.test.context.web.ServletTestExecutionListener, org.springframework.test.context.support.DirtiesContextBeforeModesTestExecutionListener, org.springframework.test.context.support.DependencyInjectionTestExecutionListener, org.springframework.test.context.support.DirtiesContextTestExecutionListener, org.springframework.test.context.transaction.TransactionalTestExecutionListener, org.springframework.test.context.jdbc.SqlScriptsTestExecutionListener, org.springframework.test.context.event.EventPublishingTestExecutionListener]
14:58:01.562 [main] DEBUG org.springframework.boot.test.context.SpringBootTestContextBootstrapper - Skipping candidate TestExecutionListener [org.springframework.test.context.transaction.TransactionalTestExecutionListener] due to a missing dependency. Specify custom listener classes or make the default listener classes and their required dependencies available. Offending class: [org/springframework/transaction/TransactionDefinition]
14:58:01.565 [main] DEBUG org.springframework.boot.test.context.SpringBootTestContextBootstrapper - Skipping candidate TestExecutionListener [org.springframework.test.context.jdbc.SqlScriptsTestExecutionListener] due to a missing dependency. Specify custom listener classes or make the default listener classes and their required dependencies available. Offending class: [org/springframework/transaction/interceptor/TransactionAttribute]
14:58:01.565 [main] INFO org.springframework.boot.test.context.SpringBootTestContextBootstrapper - Using TestExecutionListeners: [org.springframework.test.context.web.ServletTestExecutionListener@618425b5, org.springframework.test.context.support.DirtiesContextBeforeModesTestExecutionListener@58695725, org.springframework.boot.test.mock.mockito.MockitoTestExecutionListener@543588e6, org.springframework.boot.test.autoconfigure.SpringBootDependencyInjectionTestExecutionListener@f5acb9d, org.springframework.test.context.support.DirtiesContextTestExecutionListener@4fb3ee4e, org.springframework.test.context.event.EventPublishingTestExecutionListener@5d7148e2, org.springframework.boot.test.mock.mockito.ResetMocksTestExecutionListener@25fb8912, org.springframework.boot.test.autoconfigure.restdocs.RestDocsTestExecutionListener@7c24b813, org.springframework.boot.test.autoconfigure.web.client.MockRestServiceServerResetTestExecutionListener@2c35e847, org.springframework.boot.test.autoconfigure.web.servlet.MockMvcPrintOnlyOnFailureTestExecutionListener@7bd4937b, org.springframework.boot.test.autoconfigure.web.servlet.WebDriverTestExecutionListener@21e360a]
14:58:01.576 [main] DEBUG org.springframework.test.context.support.AbstractDirtiesContextTestExecutionListener - Before test class: context [DefaultTestContext@c88a337 testClass = DemoApplicationTests, testInstance = [null], testMethod = [null], testException = [null], mergedContextConfiguration = [WebMergedContextConfiguration@5d0a1059 testClass = DemoApplicationTests, locations = '{}', classes = '{class com.optum.example.**springaz.DemoApplication}', contextInitializerClasses = '[]', activeProfiles = '{}', propertySourceLocations = '{}', propertySourceProperties = '{org.springframework.boot.test.context.SpringBootTestContextBootstrapper=true}', contextCustomizers = set[org.springframework.boot.test.context.filter.ExcludeFilterContextCustomizer@4386f16, org.springframework.boot.test.json.DuplicateJsonObjectContextCustomizerFactory$DuplicateJsonObjectContextCustomizer@79b06cab, org.springframework.boot.test.mock.mockito.MockitoContextCustomizer@0, org.springframework.boot.test.web.client.TestRestTemplateContextCustomizer@769f71a9, org.springframework.boot.test.autoconfigure.properties.PropertyMappingContextCustomizer@0, org.springframework.boot.test.autoconfigure.web.servlet.WebDriverContextCustomizerFactory$Customizer@353d0772], resourceBasePath = 'src/main/webapp', contextLoader = 'org.springframework.boot.test.context.SpringBootContextLoader', parent = [null]], attributes = map['org.springframework.test.context.web.ServletTestExecutionListener.activateListener' -> true]], class annotated with @DirtiesContext [false] with mode [null].
14:58:01.744 [main] DEBUG org.springframework.test.context.support.TestPropertySourceUtils - Adding inlined properties to environment: {spring.jmx.enabled=false, org.springframework.boot.test.context.SpringBootTestContextBootstrapper=true, server.port=-1}

  .   ____          _            __ _ _
 /\\ / ___'_ __ _ _(_)_ __  __ _ \ \ \ \
( ( )\___ | '_ | '_| | '_ \/ _` | \ \ \ \
 \\/  ___)| |_)| | | | | || (_| |  ) ) ) )
  '  |____| .__|_| |_|_| |_\__, | / / / /
 =========|_|==============|___/=/_/_/_/
 :: Spring Boot ::        (v2.2.1.RELEASE)

2019-11-14 14:58:02.377  INFO 74 --- [           main] c.o.e.**springaz.DemoApplicationTests    : Starting DemoApplicationTests on ***********-**-spring-az-master-59kh7-2-from-build-pack-ws6rv-p with PID 74 (started by root in /workspace/source)
2019-11-14 14:58:02.382  INFO 74 --- [           main] c.o.e.**springaz.DemoApplicationTests    : No active profile set, falling back to default profiles: default
2019-11-14 14:58:10.367  INFO 74 --- [           main] o.s.s.concurrent.ThreadPoolTaskExecutor  : Initializing ExecutorService 'applicationTaskExecutor'
2019-11-14 14:58:12.834  INFO 74 --- [           main] o.s.b.a.e.web.EndpointLinksResolver      : Exposing 2 endpoint(s) beneath base path '/actuator'
2019-11-14 14:58:13.120  INFO 74 --- [           main] c.o.e.**springaz.DemoApplicationTests    : Started DemoApplicationTests in 11.347 seconds (JVM running for 14.352)
[INFO] Tests run: 1, Failures: 0, Errors: 0, Skipped: 0, Time elapsed: 13.429 s - in com.optum.example.**springaz.DemoApplicationTests
2019-11-14 14:58:14.083  INFO 74 --- [extShutdownHook] o.s.s.concurrent.ThreadPoolTaskExecutor  : Shutting down ExecutorService 'applicationTaskExecutor'
[INFO] 
[INFO] Results:
[INFO] 
[INFO] Tests run: 1, Failures: 0, Errors: 0, Skipped: 0
[INFO] 
[INFO] 
[INFO] --- maven-jar-plugin:3.1.2:jar (default-jar) @ **-spring-az ---
[INFO] Building jar: /workspace/source/target/**-spring-az-0.0.2.jar
[INFO] 
[INFO] --- spring-boot-maven-plugin:2.2.1.RELEASE:repackage (repackage) @ **-spring-az ---
[INFO] Replacing main artifact with repackaged archive
[INFO] 
[INFO] --- maven-install-plugin:2.5.2:install (default-install) @ **-spring-az ---
[INFO] Installing /workspace/source/target/**-spring-az-0.0.2.jar to /root/.mvnrepository/com/optum/example/**-spring-az/0.0.2/**-spring-az-0.0.2.jar
[INFO] Installing /workspace/source/pom.xml to /root/.mvnrepository/com/optum/example/**-spring-az/0.0.2/**-spring-az-0.0.2.pom
[INFO] 
[INFO] --- maven-deploy-plugin:2.8.2:deploy (default-deploy) @ **-spring-az ---
[INFO] Using alternate deployment repository nexus::default::http://nexus/repository/maven-releases/
[INFO] ------------------------------------------------------------------------
[INFO] BUILD SUCCESS
[INFO] ------------------------------------------------------------------------
[INFO] Total time:  52.839 s
[INFO] Finished at: 2019-11-14T14:58:19Z
[INFO] ------------------------------------------------------------------------

Showing logs for build [32mmarcusmaday-jx-spring-az-master-59kh7-2[0m stage [32mfrom-build-pack[0m and container [32mstep-build-skaffold-version[0m
v1.0.0

Showing logs for build [32mmarcusmaday-jx-spring-az-master-59kh7-2[0m stage [32mfrom-build-pack[0m and container [32mstep-build-container-build[0m
[36mINFO[0m[0000] Downloading base image openjdk:8-jdk-slim    
2019/11/14 14:58:21 No matching credentials were found, falling back on anonymous
[36mINFO[0m[0001] Error while retrieving image from cache: getting file info: stat /workspace/sha256:2f75fd4d652d8a4730b0e4ebbc9609e019283536e63aab95d30fb7c7f8d444fb: no such file or directory 
[36mINFO[0m[0001] Downloading base image openjdk:8-jdk-slim    
2019/11/14 14:58:23 No matching credentials were found, falling back on anonymous
[36mINFO[0m[0009] cmd: EXPOSE                                  
[36mINFO[0m[0009] Adding exposed port: 8080/tcp                
[36mINFO[0m[0009] Using files from context: [/workspace/source/pom.xml] 
[36mINFO[0m[0009] Using files from context: [/workspace/source/target/**-spring-az-0.0.2.jar] 
[36mINFO[0m[0009] Skipping unpacking as no commands require it. 
[36mINFO[0m[0009] Taking snapshot of full filesystem...        
[36mINFO[0m[0009] ENV PORT 8080                                
[36mINFO[0m[0009] No files changed in this command, skipping snapshotting. 
[36mINFO[0m[0009] ENV CLASSPATH /opt/lib                       
[36mINFO[0m[0009] No files changed in this command, skipping snapshotting. 
[36mINFO[0m[0009] EXPOSE 8080                                  
[36mINFO[0m[0009] cmd: EXPOSE                                  
[36mINFO[0m[0009] Adding exposed port: 8080/tcp                
[36mINFO[0m[0009] No files changed in this command, skipping snapshotting. 
[36mINFO[0m[0009] Using files from context: [/workspace/source/pom.xml] 
[36mINFO[0m[0009] COPY pom.xml target/lib* /opt/lib/           
[36mINFO[0m[0009] Taking snapshot of files...                  
[36mINFO[0m[0009] Using files from context: [/workspace/source/target/**-spring-az-0.0.2.jar] 
[36mINFO[0m[0009] COPY target/*.jar /opt/app.jar               
[36mINFO[0m[0009] Taking snapshot of files...                  
[36mINFO[0m[0010] WORKDIR /opt                                 
[36mINFO[0m[0010] cmd: workdir                                 
[36mINFO[0m[0010] Changed working directory to /opt            
[36mINFO[0m[0010] No files changed in this command, skipping snapshotting. 
[36mINFO[0m[0010] CMD ["java", "-XX:+UnlockExperimentalVMOptions", "-XX:+UseCGroupMemoryLimitForHeap", "-jar", "app.jar"] 
[36mINFO[0m[0010] No files changed in this command, skipping snapshotting. 
2019/11/14 14:58:31 existing blob: sha256:8d691f585fa8cec0eba196be460cfaffd69939782d6162986c3e0c5225d54f02
2019/11/14 14:58:31 existing blob: sha256:3da6fe7ff2ef0f58119eb2e8cb12c5c0b471527be95d43274b396f36fc5bbccd
2019/11/14 14:58:31 existing blob: sha256:740864fcc29dcd68c386fc2893b1fe5bf974e361523cb7cd32dd706fcfa93d82
2019/11/14 14:58:31 existing blob: sha256:02c32ad92c0d8181bc1743181730c576205286effbb08239f8f613acda6d4889
2019/11/14 14:58:32 pushed blob: sha256:4d1654ab6ee3761d03abacc97fad827de65a337710e4a1df2c90975d5833b88b
2019/11/14 14:58:32 pushed blob: sha256:e744eba0aab2b5104bdb548b855d36706e59286aeb7f4b4d4f50bbcf61b0d0d2
2019/11/14 14:58:32 pushed blob: sha256:a9476f55d6f79c030593b8a485b82f453a315d7d7baa27e504bfacec96f89896
2019/11/14 14:58:33 thornbramble.azurecr.io/***********/**-spring-az:0.0.2: digest: sha256:a471915cae639ce4f0be1515ecccfad24bec5b98ab1479b350c3fa6f949cbda4 size: 1245

Showing logs for build [32mmarcusmaday-jx-spring-az-master-59kh7-2[0m stage [32mfrom-build-pack[0m and container [32mstep-build-post-build[0m
no CVE provider running in the current ** namespace so skip adding image to be analysed

Showing logs for build [32mmarcusmaday-jx-spring-az-master-59kh7-2[0m stage [32mfrom-build-pack[0m and container [32mstep-promote-changelog[0m
Converted /workspace/source/charts/**-spring-az to an unshallow repository
Generating change log from git ref 74ed0e4d524d36a58dd936cdf90185d9dd39c18a => d8c5f0650dd3c60f1977e30dc4230ec7ace18b7d
Associating user bryonwinger in users.jenkins.io with email bryonwinger@gmail.com to git GitProvider user with login -0 as emails match
Adding label jenkins.io/git-github-userid=-0 to user bryonwinger in users.jenkins.io
WARNING: Failed to enrich commit 7bd363d5e622918a0e0ece9766c4dd5d1af23d5f with issues: User.jenkins.io "bryonwinger" is invalid: metadata.labels: Invalid value: "-0": a valid label must be an empty string or consist of alphanumeric characters, '-', '_' or '.', and must start and end with an alphanumeric character (e.g. 'MyValue',  or 'my_value',  or '12345', regex used for validation is '(([A-Za-z0-9][-A-Za-z0-9_.]*)?[A-Za-z0-9])?')
WARNING: Failed to enrich commit 7bd363d5e622918a0e0ece9766c4dd5d1af23d5f with issues: users.jenkins.io "x-0" already exists
Finding issues in commit messages using git format
WARNING: No release found for ***********/**-spring-az and tag v0.0.2 so creating a new release
Updated the release information at https://github.com/***********/**-spring-az/releases/tag/v0.0.2
generated: /workspace/source/charts/**-spring-az/templates/release.yaml
Created Release **-spring-az-0-0-2 resource in namespace **
Updating PipelineActivity ***********-**-spring-az-master-2 with version 0.0.2
Updated PipelineActivities ***********-**-spring-az-master-2 with release notes URL: https://github.com/***********/**-spring-az/releases/tag/v0.0.2

Showing logs for build [32mmarcusmaday-jx-spring-az-master-59kh7-2[0m stage [32mfrom-build-pack[0m and container [32mstep-promote-helm-release[0m
WARNING: No $CHART_REPOSITORY defined so using the default value of: http://jenkins-x-chartmuseum:8080
Adding missing Helm repo: storage.googleapis.com https://storage.googleapis.com/chartmuseum.jenkins-x.io
Successfully added Helm repository storage.googleapis.com.
Adding missing Helm repo: jenkins-x-chartmuseum http://jenkins-x-chartmuseum:8080
Successfully added Helm repository jenkins-x-chartmuseum.
WARNING: No $CHART_REPOSITORY defined so using the default value of: http://jenkins-x-chartmuseum:8080
Uploading chart file **-spring-az-0.0.2.tgz to http://jenkins-x-chartmuseum:8080/api/charts
Received 201 response: {"saved":true}

Showing logs for build [32mmarcusmaday-jx-spring-az-master-59kh7-2[0m stage [32mfrom-build-pack[0m and container [32mstep-promote-jx-promote[0m
WARNING: prow based install so skip waiting for the merge of Pull Requests to go green as currently there is an issue with gettingstatuses from the PR, see https://github.com/jenkins-x/**/issues/2410
WARNING: No $CHART_REPOSITORY defined so using the default value of: http://jenkins-x-chartmuseum:8080
Promoting app **-spring-az version 0.0.2 to namespace **-staging
Created Pull Request: https://github.com/***********/environment-oxiridescent-staging/pull/2
Added label updatebot to Pull Request https://github.com/***********/environment-oxiridescent-staging/pull/2
got git provider status pending from PR https://github.com/***********/environment-oxiridescent-staging/pull/2
got git provider status pending from PR https://github.com/***********/environment-oxiridescent-staging/pull/2
got git provider status pending from PR https://github.com/***********/environment-oxiridescent-staging/pull/2
Pull Request https://github.com/***********/environment-oxiridescent-staging/pull/2 is merged at sha 4c15cd6f22ba3b9819d1be779defa301ab01aeb8
Pull Request merged but we are not waiting for the update pipeline to complete!
